# JRE version: OpenJDK Runtime Environment (8.0_222-b10) (build 1.8.0_222-8u222-b10-1ubuntu1~16.04.1-b10)
# Java VM: OpenJDK 64-Bit Server VM (25.222-b10 mixed mode linux-amd64 compressed oops)
Heap:
 def new generation   total 143360K, used 10852K [0x00000000c0000000, 0x00000000c9b80000, 0x00000000d5550000)
  eden space 127488K,   8% used [0x00000000c0000000, 0x00000000c0a99320, 0x00000000c7c80000)
  from space 15872K,   0% used [0x00000000c8c00000, 0x00000000c8c00000, 0x00000000c9b80000)
  to   space 15872K,   0% used [0x00000000c7c80000, 0x00000000c7c80000, 0x00000000c8c00000)
 tenured generation   total 321572K, used 321458K [0x00000000d5550000, 0x00000000e8f59000, 0x0000000100000000)
   the space 321572K,  99% used [0x00000000d5550000, 0x00000000e8f3c850, 0x00000000e8f3ca00, 0x00000000e8f59000)
 Metaspace       used 88084K, capacity 89175K, committed 89432K, reserved 1126400K
  class space    used 11613K, capacity 11860K, committed 11864K, reserved 1048576K
GC Heap History (10 events):
Event: 187.691 GC heap after
Heap after GC invocations=743 (full 13):
 def new generation   total 143360K, used 10972K [0x00000000c0000000, 0x00000000c9b80000, 0x00000000d5550000)
  eden space 127488K,   0% used [0x00000000c0000000, 0x00000000c0000000, 0x00000000c7c80000)
  from space 15872K,  69% used [0x00000000c7c80000, 0x00000000c87372d0, 0x00000000c8c00000)
  to   space 15872K,   0% used [0x00000000c8c00000, 0x00000000c8c00000, 0x00000000c9b80000)
 tenured generation   total 318308K, used 303172K [0x00000000d5550000, 0x00000000e8c29000, 0x0000000100000000)
   the space 318308K,  95% used [0x00000000d5550000, 0x00000000e7d61060, 0x00000000e7d61200, 0x00000000e8c29000)
 Metaspace       used 88084K, capacity 89175K, committed 89432K, reserved 1126400K
  class space    used 11613K, capacity 11860K, committed 11864K, reserved 1048576K
}
Event: 187.730 GC heap before
{Heap before GC invocations=743 (full 13):
 def new generation   total 143360K, used 138460K [0x00000000c0000000, 0x00000000c9b80000, 0x00000000d5550000)
  eden space 127488K, 100% used [0x00000000c0000000, 0x00000000c7c80000, 0x00000000c7c80000)
  from space 15872K,  69% used [0x00000000c7c80000, 0x00000000c87372d0, 0x00000000c8c00000)
  to   space 15872K,   0% used [0x00000000c8c00000, 0x00000000c8c00000, 0x00000000c9b80000)
 tenured generation   total 318308K, used 303172K [0x00000000d5550000, 0x00000000e8c29000, 0x0000000100000000)
   the space 318308K,  95% used [0x00000000d5550000, 0x00000000e7d61060, 0x00000000e7d61200, 0x00000000e8c29000)
 Metaspace       used 88084K, capacity 89175K, committed 89432K, reserved 1126400K
  class space    used 11613K, capacity 11860K, committed 11864K, reserved 1048576K
Event: 187.737 GC heap after
Heap after GC invocations=744 (full 13):
 def new generation   total 143360K, used 10972K [0x00000000c0000000, 0x00000000c9b80000, 0x00000000d5550000)
  eden space 127488K,   0% used [0x00000000c0000000, 0x00000000c0000000, 0x00000000c7c80000)
  from space 15872K,  69% used [0x00000000c8c00000, 0x00000000c96b72d0, 0x00000000c9b80000)
  to   space 15872K,   0% used [0x00000000c7c80000, 0x00000000c7c80000, 0x00000000c8c00000)
 tenured generation   total 318308K, used 306828K [0x00000000d5550000, 0x00000000e8c29000, 0x0000000100000000)
   the space 318308K,  96% used [0x00000000d5550000, 0x00000000e80f3388, 0x00000000e80f3400, 0x00000000e8c29000)
 Metaspace       used 88084K, capacity 89175K, committed 89432K, reserved 1126400K
  class space    used 11613K, capacity 11860K, committed 11864K, reserved 1048576K
}
Event: 187.775 GC heap before
{Heap before GC invocations=744 (full 13):
 def new generation   total 143360K, used 138460K [0x00000000c0000000, 0x00000000c9b80000, 0x00000000d5550000)
  eden space 127488K, 100% used [0x00000000c0000000, 0x00000000c7c80000, 0x00000000c7c80000)
  from space 15872K,  69% used [0x00000000c8c00000, 0x00000000c96b72d0, 0x00000000c9b80000)
  to   space 15872K,   0% used [0x00000000c7c80000, 0x00000000c7c80000, 0x00000000c8c00000)
 tenured generation   total 318308K, used 306828K [0x00000000d5550000, 0x00000000e8c29000, 0x0000000100000000)
   the space 318308K,  96% used [0x00000000d5550000, 0x00000000e80f3388, 0x00000000e80f3400, 0x00000000e8c29000)
 Metaspace       used 88084K, capacity 89175K, committed 89432K, reserved 1126400K
  class space    used 11613K, capacity 11860K, committed 11864K, reserved 1048576K
Event: 187.808 GC heap after
Heap after GC invocations=745 (full 13):
 def new generation   total 143360K, used 10972K [0x00000000c0000000, 0x00000000c9b80000, 0x00000000d5550000)
  eden space 127488K,   0% used [0x00000000c0000000, 0x00000000c0000000, 0x00000000c7c80000)
  from space 15872K,  69% used [0x00000000c7c80000, 0x00000000c87372f8, 0x00000000c8c00000)
  to   space 15872K,   0% used [0x00000000c8c00000, 0x00000000c8c00000, 0x00000000c9b80000)
 tenured generation   total 318308K, used 310485K [0x00000000d5550000, 0x00000000e8c29000, 0x0000000100000000)
   the space 318308K,  97% used [0x00000000d5550000, 0x00000000e84856e8, 0x00000000e8485800, 0x00000000e8c29000)
 Metaspace       used 88084K, capacity 89175K, committed 89432K, reserved 1126400K
  class space    used 11613K, capacity 11860K, committed 11864K, reserved 1048576K
}
Event: 187.847 GC heap before
{Heap before GC invocations=745 (full 13):
 def new generation   total 143360K, used 138460K [0x00000000c0000000, 0x00000000c9b80000, 0x00000000d5550000)
  eden space 127488K, 100% used [0x00000000c0000000, 0x00000000c7c80000, 0x00000000c7c80000)
  from space 15872K,  69% used [0x00000000c7c80000, 0x00000000c87372f8, 0x00000000c8c00000)
  to   space 15872K,   0% used [0x00000000c8c00000, 0x00000000c8c00000, 0x00000000c9b80000)
 tenured generation   total 318308K, used 310485K [0x00000000d5550000, 0x00000000e8c29000, 0x0000000100000000)
   the space 318308K,  97% used [0x00000000d5550000, 0x00000000e84856e8, 0x00000000e8485800, 0x00000000e8c29000)
 Metaspace       used 88084K, capacity 89175K, committed 89432K, reserved 1126400K
  class space    used 11613K, capacity 11860K, committed 11864K, reserved 1048576K
Event: 187.868 GC heap after
Heap after GC invocations=746 (full 13):
 def new generation   total 143360K, used 10970K [0x00000000c0000000, 0x00000000c9b80000, 0x00000000d5550000)
  eden space 127488K,   0% used [0x00000000c0000000, 0x00000000c0000000, 0x00000000c7c80000)
  from space 15872K,  69% used [0x00000000c8c00000, 0x00000000c96b6af8, 0x00000000c9b80000)
  to   space 15872K,   0% used [0x00000000c7c80000, 0x00000000c7c80000, 0x00000000c8c00000)
 tenured generation   total 318308K, used 314144K [0x00000000d5550000, 0x00000000e8c29000, 0x0000000100000000)
   the space 318308K,  98% used [0x00000000d5550000, 0x00000000e88181c8, 0x00000000e8818200, 0x00000000e8c29000)
 Metaspace       used 88084K, capacity 89175K, committed 89432K, reserved 1126400K
  class space    used 11613K, capacity 11860K, committed 11864K, reserved 1048576K
}
Event: 187.906 GC heap before
{Heap before GC invocations=746 (full 13):
 def new generation   total 143360K, used 138458K [0x00000000c0000000, 0x00000000c9b80000, 0x00000000d5550000)
  eden space 127488K, 100% used [0x00000000c0000000, 0x00000000c7c80000, 0x00000000c7c80000)
  from space 15872K,  69% used [0x00000000c8c00000, 0x00000000c96b6af8, 0x00000000c9b80000)
  to   space 15872K,   0% used [0x00000000c7c80000, 0x00000000c7c80000, 0x00000000c8c00000)
 tenured generation   total 318308K, used 314144K [0x00000000d5550000, 0x00000000e8c29000, 0x0000000100000000)
   the space 318308K,  98% used [0x00000000d5550000, 0x00000000e88181c8, 0x00000000e8818200, 0x00000000e8c29000)
 Metaspace       used 88084K, capacity 89175K, committed 89432K, reserved 1126400K
  class space    used 11613K, capacity 11860K, committed 11864K, reserved 1048576K
Event: 187.919 GC heap after
Heap after GC invocations=747 (full 13):
 def new generation   total 143360K, used 10852K [0x00000000c0000000, 0x00000000c9b80000, 0x00000000d5550000)
  eden space 127488K,   0% used [0x00000000c0000000, 0x00000000c0000000, 0x00000000c7c80000)
  from space 15872K,  68% used [0x00000000c7c80000, 0x00000000c8719378, 0x00000000c8c00000)
  to   space 15872K,   0% used [0x00000000c8c00000, 0x00000000c8c00000, 0x00000000c9b80000)
 tenured generation   total 318308K, used 317801K [0x00000000d5550000, 0x00000000e8c29000, 0x0000000100000000)
   the space 318308K,  99% used [0x00000000d5550000, 0x00000000e8baa4f0, 0x00000000e8baa600, 0x00000000e8c29000)
 Metaspace       used 88084K, capacity 89175K, committed 89432K, reserved 1126400K
  class space    used 11613K, capacity 11860K, committed 11864K, reserved 1048576K
}
Event: 187.958 GC heap before
{Heap before GC invocations=747 (full 13):
 def new generation   total 143360K, used 138340K [0x00000000c0000000, 0x00000000c9b80000, 0x00000000d5550000)
  eden space 127488K, 100% used [0x00000000c0000000, 0x00000000c7c80000, 0x00000000c7c80000)
  from space 15872K,  68% used [0x00000000c7c80000, 0x00000000c8719378, 0x00000000c8c00000)
  to   space 15872K,   0% used [0x00000000c8c00000, 0x00000000c8c00000, 0x00000000c9b80000)
 tenured generation   total 318308K, used 317801K [0x00000000d5550000, 0x00000000e8c29000, 0x0000000100000000)
   the space 318308K,  99% used [0x00000000d5550000, 0x00000000e8baa4f0, 0x00000000e8baa600, 0x00000000e8c29000)
 Metaspace       used 88084K, capacity 89175K, committed 89432K, reserved 1126400K
  class space    used 11613K, capacity 11860K, committed 11864K, reserved 1048576K

