# JRE version: OpenJDK Runtime Environment (8.0_222-b10) (build 1.8.0_222-8u222-b10-1ubuntu1~16.04.1-b10)
# Java VM: OpenJDK 64-Bit Server VM (25.222-b10 mixed mode linux-amd64 compressed oops)
Heap:
 def new generation   total 105408K, used 0K [0x00000000c0000000, 0x00000000c7250000, 0x00000000d5550000)
  eden space 93760K,   0% used [0x00000000c0000000, 0x00000000c0000000, 0x00000000c5b90000)
  from space 11648K,   0% used [0x00000000c5b90000, 0x00000000c5b90000, 0x00000000c66f0000)
  to   space 11648K,   0% used [0x00000000c66f0000, 0x00000000c66f0000, 0x00000000c7250000)
 tenured generation   total 250392K, used 194725K [0x00000000d5550000, 0x00000000e49d6000, 0x0000000100000000)
   the space 250392K,  77% used [0x00000000d5550000, 0x00000000e1379560, 0x00000000e1379600, 0x00000000e49d6000)
 Metaspace       used 85694K, capacity 87248K, committed 87384K, reserved 1124352K
  class space    used 11509K, capacity 11801K, committed 11864K, reserved 1048576K
GC Heap History (10 events):
Event: 149.863 GC heap after
Heap after GC invocations=1001 (full 20):
 def new generation   total 105408K, used 744K [0x00000000c0000000, 0x00000000c7250000, 0x00000000d5550000)
  eden space 93760K,   0% used [0x00000000c0000000, 0x00000000c0000000, 0x00000000c5b90000)
  from space 11648K,   6% used [0x00000000c66f0000, 0x00000000c67aa0e8, 0x00000000c7250000)
  to   space 11648K,   0% used [0x00000000c5b90000, 0x00000000c5b90000, 0x00000000c66f0000)
 tenured generation   total 234004K, used 216580K [0x00000000d5550000, 0x00000000e39d5000, 0x0000000100000000)
   the space 234004K,  92% used [0x00000000d5550000, 0x00000000e28d13b8, 0x00000000e28d1400, 0x00000000e39d5000)
 Metaspace       used 85618K, capacity 87064K, committed 87384K, reserved 1124352K
  class space    used 11503K, capacity 11793K, committed 11864K, reserved 1048576K
}
Event: 150.312 GC heap before
{Heap before GC invocations=1001 (full 20):
 def new generation   total 105408K, used 94504K [0x00000000c0000000, 0x00000000c7250000, 0x00000000d5550000)
  eden space 93760K, 100% used [0x00000000c0000000, 0x00000000c5b90000, 0x00000000c5b90000)
  from space 11648K,   6% used [0x00000000c66f0000, 0x00000000c67aa0e8, 0x00000000c7250000)
  to   space 11648K,   0% used [0x00000000c5b90000, 0x00000000c5b90000, 0x00000000c66f0000)
 tenured generation   total 234004K, used 216580K [0x00000000d5550000, 0x00000000e39d5000, 0x0000000100000000)
   the space 234004K,  92% used [0x00000000d5550000, 0x00000000e28d13b8, 0x00000000e28d1400, 0x00000000e39d5000)
 Metaspace       used 85661K, capacity 87156K, committed 87384K, reserved 1124352K
  class space    used 11506K, capacity 11797K, committed 11864K, reserved 1048576K
Event: 150.322 GC heap after
Heap after GC invocations=1002 (full 20):
 def new generation   total 105408K, used 1068K [0x00000000c0000000, 0x00000000c7250000, 0x00000000d5550000)
  eden space 93760K,   0% used [0x00000000c0000000, 0x00000000c0000000, 0x00000000c5b90000)
  from space 11648K,   9% used [0x00000000c5b90000, 0x00000000c5c9b068, 0x00000000c66f0000)
  to   space 11648K,   0% used [0x00000000c66f0000, 0x00000000c66f0000, 0x00000000c7250000)
 tenured generation   total 234004K, used 232964K [0x00000000d5550000, 0x00000000e39d5000, 0x0000000100000000)
   the space 234004K,  99% used [0x00000000d5550000, 0x00000000e38d13c8, 0x00000000e38d1400, 0x00000000e39d5000)
 Metaspace       used 85661K, capacity 87156K, committed 87384K, reserved 1124352K
  class space    used 11506K, capacity 11797K, committed 11864K, reserved 1048576K
}
Event: 150.704 GC heap before
{Heap before GC invocations=1002 (full 20):
 def new generation   total 105408K, used 94828K [0x00000000c0000000, 0x00000000c7250000, 0x00000000d5550000)
  eden space 93760K, 100% used [0x00000000c0000000, 0x00000000c5b90000, 0x00000000c5b90000)
  from space 11648K,   9% used [0x00000000c5b90000, 0x00000000c5c9b068, 0x00000000c66f0000)
  to   space 11648K,   0% used [0x00000000c66f0000, 0x00000000c66f0000, 0x00000000c7250000)
 tenured generation   total 234004K, used 232964K [0x00000000d5550000, 0x00000000e39d5000, 0x0000000100000000)
   the space 234004K,  99% used [0x00000000d5550000, 0x00000000e38d13c8, 0x00000000e38d1400, 0x00000000e39d5000)
 Metaspace       used 85661K, capacity 87156K, committed 87384K, reserved 1124352K
  class space    used 11506K, capacity 11797K, committed 11864K, reserved 1048576K
Event: 150.712 GC heap after
Heap after GC invocations=1003 (full 20):
 def new generation   total 105408K, used 1089K [0x00000000c0000000, 0x00000000c7250000, 0x00000000d5550000)
  eden space 93760K,   0% used [0x00000000c0000000, 0x00000000c0000000, 0x00000000c5b90000)
  from space 11648K,   9% used [0x00000000c66f0000, 0x00000000c6800428, 0x00000000c7250000)
  to   space 11648K,   0% used [0x00000000c5b90000, 0x00000000c5b90000, 0x00000000c66f0000)
 tenured generation   total 234004K, used 232964K [0x00000000d5550000, 0x00000000e39d5000, 0x0000000100000000)
   the space 234004K,  99% used [0x00000000d5550000, 0x00000000e38d13c8, 0x00000000e38d1400, 0x00000000e39d5000)
 Metaspace       used 85661K, capacity 87156K, committed 87384K, reserved 1124352K
  class space    used 11506K, capacity 11797K, committed 11864K, reserved 1048576K
}
Event: 151.206 GC heap before
{Heap before GC invocations=1003 (full 20):
 def new generation   total 105408K, used 94849K [0x00000000c0000000, 0x00000000c7250000, 0x00000000d5550000)
  eden space 93760K, 100% used [0x00000000c0000000, 0x00000000c5b90000, 0x00000000c5b90000)
  from space 11648K,   9% used [0x00000000c66f0000, 0x00000000c6800428, 0x00000000c7250000)
  to   space 11648K,   0% used [0x00000000c5b90000, 0x00000000c5b90000, 0x00000000c66f0000)
 tenured generation   total 234004K, used 232964K [0x00000000d5550000, 0x00000000e39d5000, 0x0000000100000000)
   the space 234004K,  99% used [0x00000000d5550000, 0x00000000e38d13c8, 0x00000000e38d1400, 0x00000000e39d5000)
 Metaspace       used 85661K, capacity 87156K, committed 87384K, reserved 1124352K
  class space    used 11506K, capacity 11797K, committed 11864K, reserved 1048576K
Event: 151.210 GC heap after
Heap after GC invocations=1004 (full 20):
 def new generation   total 105408K, used 1086K [0x00000000c0000000, 0x00000000c7250000, 0x00000000d5550000)
  eden space 93760K,   0% used [0x00000000c0000000, 0x00000000c0000000, 0x00000000c5b90000)
  from space 11648K,   9% used [0x00000000c5b90000, 0x00000000c5c9fa48, 0x00000000c66f0000)
  to   space 11648K,   0% used [0x00000000c66f0000, 0x00000000c66f0000, 0x00000000c7250000)
 tenured generation   total 234004K, used 232964K [0x00000000d5550000, 0x00000000e39d5000, 0x0000000100000000)
   the space 234004K,  99% used [0x00000000d5550000, 0x00000000e38d13c8, 0x00000000e38d1400, 0x00000000e39d5000)
 Metaspace       used 85661K, capacity 87156K, committed 87384K, reserved 1124352K
  class space    used 11506K, capacity 11797K, committed 11864K, reserved 1048576K
}
Event: 151.597 GC heap before
{Heap before GC invocations=1004 (full 20):
 def new generation   total 105408K, used 94846K [0x00000000c0000000, 0x00000000c7250000, 0x00000000d5550000)
  eden space 93760K, 100% used [0x00000000c0000000, 0x00000000c5b90000, 0x00000000c5b90000)
  from space 11648K,   9% used [0x00000000c5b90000, 0x00000000c5c9fa48, 0x00000000c66f0000)
  to   space 11648K,   0% used [0x00000000c66f0000, 0x00000000c66f0000, 0x00000000c7250000)
 tenured generation   total 234004K, used 232964K [0x00000000d5550000, 0x00000000e39d5000, 0x0000000100000000)
   the space 234004K,  99% used [0x00000000d5550000, 0x00000000e38d13c8, 0x00000000e38d1400, 0x00000000e39d5000)
 Metaspace       used 85673K, capacity 87166K, committed 87384K, reserved 1124352K
  class space    used 11508K, capacity 11799K, committed 11864K, reserved 1048576K
Event: 151.610 GC heap after
Heap after GC invocations=1005 (full 20):
 def new generation   total 105408K, used 1350K [0x00000000c0000000, 0x00000000c7250000, 0x00000000d5550000)
  eden space 93760K,   0% used [0x00000000c0000000, 0x00000000c0000000, 0x00000000c5b90000)
  from space 11648K,  11% used [0x00000000c66f0000, 0x00000000c6841910, 0x00000000c7250000)
  to   space 11648K,   0% used [0x00000000c5b90000, 0x00000000c5b90000, 0x00000000c66f0000)
 tenured generation   total 234004K, used 232965K [0x00000000d5550000, 0x00000000e39d5000, 0x0000000100000000)
   the space 234004K,  99% used [0x00000000d5550000, 0x00000000e38d14d8, 0x00000000e38d1600, 0x00000000e39d5000)
 Metaspace       used 85673K, capacity 87166K, committed 87384K, reserved 1124352K
  class space    used 11508K, capacity 11799K, committed 11864K, reserved 1048576K
}
Event: 152.397 GC heap before
{Heap before GC invocations=1005 (full 20):
 def new generation   total 105408K, used 95110K [0x00000000c0000000, 0x00000000c7250000, 0x00000000d5550000)
  eden space 93760K, 100% used [0x00000000c0000000, 0x00000000c5b90000, 0x00000000c5b90000)
  from space 11648K,  11% used [0x00000000c66f0000, 0x00000000c6841910, 0x00000000c7250000)
  to   space 11648K,   0% used [0x00000000c5b90000, 0x00000000c5b90000, 0x00000000c66f0000)
 tenured generation   total 234004K, used 232965K [0x00000000d5550000, 0x00000000e39d5000, 0x0000000100000000)
   the space 234004K,  99% used [0x00000000d5550000, 0x00000000e38d14d8, 0x00000000e38d1600, 0x00000000e39d5000)
 Metaspace       used 85694K, capacity 87248K, committed 87384K, reserved 1124352K
  class space    used 11509K, capacity 11801K, committed 11864K, reserved 1048576K

