# JRE version: OpenJDK Runtime Environment (8.0_222-b10) (build 1.8.0_222-8u222-b10-1ubuntu1~16.04.1-b10)
# Java VM: OpenJDK 64-Bit Server VM (25.222-b10 mixed mode linux-amd64 compressed oops)
Heap:
 def new generation   total 140928K, used 140176K [0x00000000c0000000, 0x00000000c98e0000, 0x00000000d5550000)
  eden space 125312K, 100% used [0x00000000c0000000, 0x00000000c7a60000, 0x00000000c7a60000)
  from space 15616K,  95% used [0x00000000c7a60000, 0x00000000c88e4128, 0x00000000c89a0000)
  to   space 15616K,  99% used [0x00000000c89a0000, 0x00000000c98dfff8, 0x00000000c98e0000)
 tenured generation   total 324864K, used 324863K [0x00000000d5550000, 0x00000000e9290000, 0x0000000100000000)
   the space 324864K,  99% used [0x00000000d5550000, 0x00000000e928fff8, 0x00000000e9290000, 0x00000000e9290000)
 Metaspace       used 81205K, capacity 82224K, committed 82392K, reserved 1120256K
  class space    used 10916K, capacity 11142K, committed 11224K, reserved 1048576K
GC Heap History (10 events):
Event: 1196.814 GC heap after
Heap after GC invocations=593 (full 19):
 def new generation   total 140928K, used 15036K [0x00000000c0000000, 0x00000000c98e0000, 0x00000000d5550000)
  eden space 125312K,   0% used [0x00000000c0000000, 0x00000000c0000000, 0x00000000c7a60000)
  from space 15616K,  96% used [0x00000000c7a60000, 0x00000000c890f138, 0x00000000c89a0000)
  to   space 15616K,   0% used [0x00000000c89a0000, 0x00000000c89a0000, 0x00000000c98e0000)
 tenured generation   total 313008K, used 273680K [0x00000000d5550000, 0x00000000e86fc000, 0x0000000100000000)
   the space 313008K,  87% used [0x00000000d5550000, 0x00000000e6094108, 0x00000000e6094200, 0x00000000e86fc000)
 Metaspace       used 81179K, capacity 82224K, committed 82392K, reserved 1120256K
  class space    used 10916K, capacity 11142K, committed 11224K, reserved 1048576K
}
Event: 1197.189 GC heap before
{Heap before GC invocations=593 (full 19):
 def new generation   total 140928K, used 139596K [0x00000000c0000000, 0x00000000c98e0000, 0x00000000d5550000)
  eden space 125312K,  99% used [0x00000000c0000000, 0x00000000c79a40f0, 0x00000000c7a60000)
  from space 15616K,  96% used [0x00000000c7a60000, 0x00000000c890f138, 0x00000000c89a0000)
  to   space 15616K,   0% used [0x00000000c89a0000, 0x00000000c89a0000, 0x00000000c98e0000)
 tenured generation   total 313008K, used 273680K [0x00000000d5550000, 0x00000000e86fc000, 0x0000000100000000)
   the space 313008K,  87% used [0x00000000d5550000, 0x00000000e6094108, 0x00000000e6094200, 0x00000000e86fc000)
 Metaspace       used 81183K, capacity 82224K, committed 82392K, reserved 1120256K
  class space    used 10916K, capacity 11142K, committed 11224K, reserved 1048576K
Event: 1197.202 GC heap after
Heap after GC invocations=594 (full 19):
 def new generation   total 140928K, used 15345K [0x00000000c0000000, 0x00000000c98e0000, 0x00000000d5550000)
  eden space 125312K,   0% used [0x00000000c0000000, 0x00000000c0000000, 0x00000000c7a60000)
  from space 15616K,  98% used [0x00000000c89a0000, 0x00000000c989c650, 0x00000000c98e0000)
  to   space 15616K,   0% used [0x00000000c7a60000, 0x00000000c7a60000, 0x00000000c89a0000)
 tenured generation   total 313008K, used 286949K [0x00000000d5550000, 0x00000000e86fc000, 0x0000000100000000)
   the space 313008K,  91% used [0x00000000d5550000, 0x00000000e6d89450, 0x00000000e6d89600, 0x00000000e86fc000)
 Metaspace       used 81183K, capacity 82224K, committed 82392K, reserved 1120256K
  class space    used 10916K, capacity 11142K, committed 11224K, reserved 1048576K
}
Event: 1197.497 GC heap before
{Heap before GC invocations=594 (full 19):
 def new generation   total 140928K, used 138242K [0x00000000c0000000, 0x00000000c98e0000, 0x00000000d5550000)
  eden space 125312K,  98% used [0x00000000c0000000, 0x00000000c7804580, 0x00000000c7a60000)
  from space 15616K,  98% used [0x00000000c89a0000, 0x00000000c989c650, 0x00000000c98e0000)
  to   space 15616K,   0% used [0x00000000c7a60000, 0x00000000c7a60000, 0x00000000c89a0000)
 tenured generation   total 313008K, used 286949K [0x00000000d5550000, 0x00000000e86fc000, 0x0000000100000000)
   the space 313008K,  91% used [0x00000000d5550000, 0x00000000e6d89450, 0x00000000e6d89600, 0x00000000e86fc000)
 Metaspace       used 81187K, capacity 82224K, committed 82392K, reserved 1120256K
  class space    used 10916K, capacity 11142K, committed 11224K, reserved 1048576K
Event: 1197.505 GC heap after
Heap after GC invocations=595 (full 19):
 def new generation   total 140928K, used 15039K [0x00000000c0000000, 0x00000000c98e0000, 0x00000000d5550000)
  eden space 125312K,   0% used [0x00000000c0000000, 0x00000000c0000000, 0x00000000c7a60000)
  from space 15616K,  96% used [0x00000000c7a60000, 0x00000000c890fd78, 0x00000000c89a0000)
  to   space 15616K,   0% used [0x00000000c89a0000, 0x00000000c89a0000, 0x00000000c98e0000)
 tenured generation   total 313008K, used 291990K [0x00000000d5550000, 0x00000000e86fc000, 0x0000000100000000)
   the space 313008K,  93% used [0x00000000d5550000, 0x00000000e7275ba0, 0x00000000e7275c00, 0x00000000e86fc000)
 Metaspace       used 81187K, capacity 82224K, committed 82392K, reserved 1120256K
  class space    used 10916K, capacity 11142K, committed 11224K, reserved 1048576K
}
Event: 1197.854 GC heap before
{Heap before GC invocations=595 (full 19):
 def new generation   total 140928K, used 140351K [0x00000000c0000000, 0x00000000c98e0000, 0x00000000d5550000)
  eden space 125312K, 100% used [0x00000000c0000000, 0x00000000c7a60000, 0x00000000c7a60000)
  from space 15616K,  96% used [0x00000000c7a60000, 0x00000000c890fd78, 0x00000000c89a0000)
  to   space 15616K,   0% used [0x00000000c89a0000, 0x00000000c89a0000, 0x00000000c98e0000)
 tenured generation   total 313008K, used 291990K [0x00000000d5550000, 0x00000000e86fc000, 0x0000000100000000)
   the space 313008K,  93% used [0x00000000d5550000, 0x00000000e7275ba0, 0x00000000e7275c00, 0x00000000e86fc000)
 Metaspace       used 81190K, capacity 82224K, committed 82392K, reserved 1120256K
  class space    used 10916K, capacity 11142K, committed 11224K, reserved 1048576K
Event: 1197.877 GC heap after
Heap after GC invocations=596 (full 19):
 def new generation   total 140928K, used 6599K [0x00000000c0000000, 0x00000000c98e0000, 0x00000000d5550000)
  eden space 125312K,   0% used [0x00000000c0000000, 0x00000000c0000000, 0x00000000c7a60000)
  from space 15616K,  42% used [0x00000000c89a0000, 0x00000000c9011f40, 0x00000000c98e0000)
  to   space 15616K,   0% used [0x00000000c7a60000, 0x00000000c7a60000, 0x00000000c89a0000)
 tenured generation   total 313008K, used 302087K [0x00000000d5550000, 0x00000000e86fc000, 0x0000000100000000)
   the space 313008K,  96% used [0x00000000d5550000, 0x00000000e7c51ec0, 0x00000000e7c52000, 0x00000000e86fc000)
 Metaspace       used 81190K, capacity 82224K, committed 82392K, reserved 1120256K
  class space    used 10916K, capacity 11142K, committed 11224K, reserved 1048576K
}
Event: 1198.853 GC heap before
{Heap before GC invocations=596 (full 19):
 def new generation   total 140928K, used 131743K [0x00000000c0000000, 0x00000000c98e0000, 0x00000000d5550000)
  eden space 125312K,  99% used [0x00000000c0000000, 0x00000000c7a35e50, 0x00000000c7a60000)
  from space 15616K,  42% used [0x00000000c89a0000, 0x00000000c9011f40, 0x00000000c98e0000)
  to   space 15616K,   0% used [0x00000000c7a60000, 0x00000000c7a60000, 0x00000000c89a0000)
 tenured generation   total 313008K, used 302087K [0x00000000d5550000, 0x00000000e86fc000, 0x0000000100000000)
   the space 313008K,  96% used [0x00000000d5550000, 0x00000000e7c51ec0, 0x00000000e7c52000, 0x00000000e86fc000)
 Metaspace       used 81194K, capacity 82224K, committed 82392K, reserved 1120256K
  class space    used 10916K, capacity 11142K, committed 11224K, reserved 1048576K
Event: 1198.864 GC heap after
Heap after GC invocations=597 (full 19):
 def new generation   total 140928K, used 14864K [0x00000000c0000000, 0x00000000c98e0000, 0x00000000d5550000)
  eden space 125312K,   0% used [0x00000000c0000000, 0x00000000c0000000, 0x00000000c7a60000)
  from space 15616K,  95% used [0x00000000c7a60000, 0x00000000c88e4128, 0x00000000c89a0000)
  to   space 15616K,   0% used [0x00000000c89a0000, 0x00000000c89a0000, 0x00000000c98e0000)
 tenured generation   total 313008K, used 311979K [0x00000000d5550000, 0x00000000e86fc000, 0x0000000100000000)
   the space 313008K,  99% used [0x00000000d5550000, 0x00000000e85fac28, 0x00000000e85fae00, 0x00000000e86fc000)
 Metaspace       used 81194K, capacity 82224K, committed 82392K, reserved 1120256K
  class space    used 10916K, capacity 11142K, committed 11224K, reserved 1048576K
}
Event: 1199.126 GC heap before
{Heap before GC invocations=597 (full 19):
 def new generation   total 140928K, used 140176K [0x00000000c0000000, 0x00000000c98e0000, 0x00000000d5550000)
  eden space 125312K, 100% used [0x00000000c0000000, 0x00000000c7a60000, 0x00000000c7a60000)
  from space 15616K,  95% used [0x00000000c7a60000, 0x00000000c88e4128, 0x00000000c89a0000)
  to   space 15616K,   0% used [0x00000000c89a0000, 0x00000000c89a0000, 0x00000000c98e0000)
 tenured generation   total 313008K, used 311979K [0x00000000d5550000, 0x00000000e86fc000, 0x0000000100000000)
   the space 313008K,  99% used [0x00000000d5550000, 0x00000000e85fac28, 0x00000000e85fae00, 0x00000000e86fc000)
 Metaspace       used 81205K, capacity 82224K, committed 82392K, reserved 1120256K
  class space    used 10916K, capacity 11142K, committed 11224K, reserved 1048576K

