# JRE version: OpenJDK Runtime Environment (8.0_222-b10) (build 1.8.0_222-8u222-b10-1ubuntu1~16.04.1-b10)
# Java VM: OpenJDK 64-Bit Server VM (25.222-b10 mixed mode linux-amd64 compressed oops)
Heap:
 def new generation   total 140032K, used 0K [0x00000000c0000000, 0x00000000c97f0000, 0x00000000d5550000)
  eden space 124480K,   0% used [0x00000000c0000000, 0x00000000c0000000, 0x00000000c7990000)
  from space 15552K,   0% used [0x00000000c88c0000, 0x00000000c88c0000, 0x00000000c97f0000)
  to   space 15552K,   0% used [0x00000000c7990000, 0x00000000c7990000, 0x00000000c88c0000)
 tenured generation   total 314136K, used 301047K [0x00000000d5550000, 0x00000000e8816000, 0x0000000100000000)
   the space 314136K,  95% used [0x00000000d5550000, 0x00000000e7b4de90, 0x00000000e7b4e000, 0x00000000e8816000)
 Metaspace       used 92975K, capacity 94331K, committed 94552K, reserved 1132544K
  class space    used 12041K, capacity 12320K, committed 12376K, reserved 1048576K
GC Heap History (10 events):
Event: 842.546 GC heap after
Heap after GC invocations=673 (full 25):
 def new generation   total 140032K, used 10616K [0x00000000c0000000, 0x00000000c97f0000, 0x00000000d5550000)
  eden space 124480K,   0% used [0x00000000c0000000, 0x00000000c0000000, 0x00000000c7990000)
  from space 15552K,  68% used [0x00000000c7990000, 0x00000000c83ee3c0, 0x00000000c88c0000)
  to   space 15552K,   0% used [0x00000000c88c0000, 0x00000000c88c0000, 0x00000000c97f0000)
 tenured generation   total 311064K, used 296247K [0x00000000d5550000, 0x00000000e8516000, 0x0000000100000000)
   the space 311064K,  95% used [0x00000000d5550000, 0x00000000e769dc98, 0x00000000e769de00, 0x00000000e8516000)
 Metaspace       used 92975K, capacity 94331K, committed 94552K, reserved 1132544K
  class space    used 12041K, capacity 12320K, committed 12376K, reserved 1048576K
}
Event: 842.584 GC heap before
{Heap before GC invocations=673 (full 25):
 def new generation   total 140032K, used 135096K [0x00000000c0000000, 0x00000000c97f0000, 0x00000000d5550000)
  eden space 124480K, 100% used [0x00000000c0000000, 0x00000000c7990000, 0x00000000c7990000)
  from space 15552K,  68% used [0x00000000c7990000, 0x00000000c83ee3c0, 0x00000000c88c0000)
  to   space 15552K,   0% used [0x00000000c88c0000, 0x00000000c88c0000, 0x00000000c97f0000)
 tenured generation   total 311064K, used 296247K [0x00000000d5550000, 0x00000000e8516000, 0x0000000100000000)
   the space 311064K,  95% used [0x00000000d5550000, 0x00000000e769dc98, 0x00000000e769de00, 0x00000000e8516000)
 Metaspace       used 92975K, capacity 94331K, committed 94552K, reserved 1132544K
  class space    used 12041K, capacity 12320K, committed 12376K, reserved 1048576K
Event: 842.589 GC heap after
Heap after GC invocations=674 (full 25):
 def new generation   total 140032K, used 10734K [0x00000000c0000000, 0x00000000c97f0000, 0x00000000d5550000)
  eden space 124480K,   0% used [0x00000000c0000000, 0x00000000c0000000, 0x00000000c7990000)
  from space 15552K,  69% used [0x00000000c88c0000, 0x00000000c933bbb8, 0x00000000c97f0000)
  to   space 15552K,   0% used [0x00000000c7990000, 0x00000000c7990000, 0x00000000c88c0000)
 tenured generation   total 311064K, used 299785K [0x00000000d5550000, 0x00000000e8516000, 0x0000000100000000)
   the space 311064K,  96% used [0x00000000d5550000, 0x00000000e7a127e8, 0x00000000e7a12800, 0x00000000e8516000)
 Metaspace       used 92975K, capacity 94331K, committed 94552K, reserved 1132544K
  class space    used 12041K, capacity 12320K, committed 12376K, reserved 1048576K
}
Event: 842.628 GC heap before
{Heap before GC invocations=674 (full 25):
 def new generation   total 140032K, used 135214K [0x00000000c0000000, 0x00000000c97f0000, 0x00000000d5550000)
  eden space 124480K, 100% used [0x00000000c0000000, 0x00000000c7990000, 0x00000000c7990000)
  from space 15552K,  69% used [0x00000000c88c0000, 0x00000000c933bbb8, 0x00000000c97f0000)
  to   space 15552K,   0% used [0x00000000c7990000, 0x00000000c7990000, 0x00000000c88c0000)
 tenured generation   total 311064K, used 299785K [0x00000000d5550000, 0x00000000e8516000, 0x0000000100000000)
   the space 311064K,  96% used [0x00000000d5550000, 0x00000000e7a127e8, 0x00000000e7a12800, 0x00000000e8516000)
 Metaspace       used 92975K, capacity 94331K, committed 94552K, reserved 1132544K
  class space    used 12041K, capacity 12320K, committed 12376K, reserved 1048576K
Event: 842.634 GC heap after
Heap after GC invocations=675 (full 25):
 def new generation   total 140032K, used 10742K [0x00000000c0000000, 0x00000000c97f0000, 0x00000000d5550000)
  eden space 124480K,   0% used [0x00000000c0000000, 0x00000000c0000000, 0x00000000c7990000)
  from space 15552K,  69% used [0x00000000c7990000, 0x00000000c840dbc8, 0x00000000c88c0000)
  to   space 15552K,   0% used [0x00000000c88c0000, 0x00000000c88c0000, 0x00000000c97f0000)
 tenured generation   total 311064K, used 303324K [0x00000000d5550000, 0x00000000e8516000, 0x0000000100000000)
   the space 311064K,  97% used [0x00000000d5550000, 0x00000000e7d87338, 0x00000000e7d87400, 0x00000000e8516000)
 Metaspace       used 92975K, capacity 94331K, committed 94552K, reserved 1132544K
  class space    used 12041K, capacity 12320K, committed 12376K, reserved 1048576K
}
Event: 842.672 GC heap before
{Heap before GC invocations=675 (full 25):
 def new generation   total 140032K, used 135222K [0x00000000c0000000, 0x00000000c97f0000, 0x00000000d5550000)
  eden space 124480K, 100% used [0x00000000c0000000, 0x00000000c7990000, 0x00000000c7990000)
  from space 15552K,  69% used [0x00000000c7990000, 0x00000000c840dbc8, 0x00000000c88c0000)
  to   space 15552K,   0% used [0x00000000c88c0000, 0x00000000c88c0000, 0x00000000c97f0000)
 tenured generation   total 311064K, used 303324K [0x00000000d5550000, 0x00000000e8516000, 0x0000000100000000)
   the space 311064K,  97% used [0x00000000d5550000, 0x00000000e7d87338, 0x00000000e7d87400, 0x00000000e8516000)
 Metaspace       used 92975K, capacity 94331K, committed 94552K, reserved 1132544K
  class space    used 12041K, capacity 12320K, committed 12376K, reserved 1048576K
Event: 842.678 GC heap after
Heap after GC invocations=676 (full 25):
 def new generation   total 140032K, used 10742K [0x00000000c0000000, 0x00000000c97f0000, 0x00000000d5550000)
  eden space 124480K,   0% used [0x00000000c0000000, 0x00000000c0000000, 0x00000000c7990000)
  from space 15552K,  69% used [0x00000000c88c0000, 0x00000000c933db90, 0x00000000c97f0000)
  to   space 15552K,   0% used [0x00000000c7990000, 0x00000000c7990000, 0x00000000c88c0000)
 tenured generation   total 311064K, used 306863K [0x00000000d5550000, 0x00000000e8516000, 0x0000000100000000)
   the space 311064K,  98% used [0x00000000d5550000, 0x00000000e80fbea0, 0x00000000e80fc000, 0x00000000e8516000)
 Metaspace       used 92975K, capacity 94331K, committed 94552K, reserved 1132544K
  class space    used 12041K, capacity 12320K, committed 12376K, reserved 1048576K
}
Event: 842.716 GC heap before
{Heap before GC invocations=676 (full 25):
 def new generation   total 140032K, used 135222K [0x00000000c0000000, 0x00000000c97f0000, 0x00000000d5550000)
  eden space 124480K, 100% used [0x00000000c0000000, 0x00000000c7990000, 0x00000000c7990000)
  from space 15552K,  69% used [0x00000000c88c0000, 0x00000000c933db90, 0x00000000c97f0000)
  to   space 15552K,   0% used [0x00000000c7990000, 0x00000000c7990000, 0x00000000c88c0000)
 tenured generation   total 311064K, used 306863K [0x00000000d5550000, 0x00000000e8516000, 0x0000000100000000)
   the space 311064K,  98% used [0x00000000d5550000, 0x00000000e80fbea0, 0x00000000e80fc000, 0x00000000e8516000)
 Metaspace       used 92975K, capacity 94331K, committed 94552K, reserved 1132544K
  class space    used 12041K, capacity 12320K, committed 12376K, reserved 1048576K
Event: 842.722 GC heap after
Heap after GC invocations=677 (full 25):
 def new generation   total 140032K, used 10624K [0x00000000c0000000, 0x00000000c97f0000, 0x00000000d5550000)
  eden space 124480K,   0% used [0x00000000c0000000, 0x00000000c0000000, 0x00000000c7990000)
  from space 15552K,  68% used [0x00000000c7990000, 0x00000000c83f03d8, 0x00000000c88c0000)
  to   space 15552K,   0% used [0x00000000c88c0000, 0x00000000c88c0000, 0x00000000c97f0000)
 tenured generation   total 311064K, used 310520K [0x00000000d5550000, 0x00000000e8516000, 0x0000000100000000)
   the space 311064K,  99% used [0x00000000d5550000, 0x00000000e848e1c8, 0x00000000e848e200, 0x00000000e8516000)
 Metaspace       used 92975K, capacity 94331K, committed 94552K, reserved 1132544K
  class space    used 12041K, capacity 12320K, committed 12376K, reserved 1048576K
}
Event: 842.760 GC heap before
{Heap before GC invocations=677 (full 25):
 def new generation   total 140032K, used 135104K [0x00000000c0000000, 0x00000000c97f0000, 0x00000000d5550000)
  eden space 124480K, 100% used [0x00000000c0000000, 0x00000000c7990000, 0x00000000c7990000)
  from space 15552K,  68% used [0x00000000c7990000, 0x00000000c83f03d8, 0x00000000c88c0000)
  to   space 15552K,   0% used [0x00000000c88c0000, 0x00000000c88c0000, 0x00000000c97f0000)
 tenured generation   total 311064K, used 310520K [0x00000000d5550000, 0x00000000e8516000, 0x0000000100000000)
   the space 311064K,  99% used [0x00000000d5550000, 0x00000000e848e1c8, 0x00000000e848e200, 0x00000000e8516000)
 Metaspace       used 92975K, capacity 94331K, committed 94552K, reserved 1132544K
  class space    used 12041K, capacity 12320K, committed 12376K, reserved 1048576K

