# JRE version: OpenJDK Runtime Environment (8.0_222-b10) (build 1.8.0_222-8u222-b10-1ubuntu1~16.04.1-b10)
# Java VM: OpenJDK 64-Bit Server VM (25.222-b10 mixed mode linux-amd64 compressed oops)
Heap:
 def new generation   total 114560K, used 8729K [0x00000000c0000000, 0x00000000c7c40000, 0x00000000d5550000)
  eden space 101888K,   8% used [0x00000000c0000000, 0x00000000c0886628, 0x00000000c6380000)
  from space 12672K,   0% used [0x00000000c6380000, 0x00000000c6380000, 0x00000000c6fe0000)
  to   space 12672K,   0% used [0x00000000c6fe0000, 0x00000000c6fe0000, 0x00000000c7c40000)
 tenured generation   total 254688K, used 254630K [0x00000000d5550000, 0x00000000e4e08000, 0x0000000100000000)
   the space 254688K,  99% used [0x00000000d5550000, 0x00000000e4df9bd0, 0x00000000e4df9c00, 0x00000000e4e08000)
 Metaspace       used 88361K, capacity 89429K, committed 89560K, reserved 1126400K
  class space    used 11638K, capacity 11897K, committed 11992K, reserved 1048576K
GC Heap History (10 events):
Event: 307.843 GC heap after
Heap after GC invocations=749 (full 12):
 def new generation   total 114560K, used 8729K [0x00000000c0000000, 0x00000000c7c40000, 0x00000000d5550000)
  eden space 101888K,   0% used [0x00000000c0000000, 0x00000000c0000000, 0x00000000c6380000)
  from space 12672K,  68% used [0x00000000c6fe0000, 0x00000000c7866670, 0x00000000c7c40000)
  to   space 12672K,   0% used [0x00000000c6380000, 0x00000000c6380000, 0x00000000c6fe0000)
 tenured generation   total 254304K, used 240003K [0x00000000d5550000, 0x00000000e4da8000, 0x0000000100000000)
   the space 254304K,  94% used [0x00000000d5550000, 0x00000000e3fb0f30, 0x00000000e3fb1000, 0x00000000e4da8000)
 Metaspace       used 88361K, capacity 89429K, committed 89560K, reserved 1126400K
  class space    used 11638K, capacity 11897K, committed 11992K, reserved 1048576K
}
Event: 307.874 GC heap before
{Heap before GC invocations=749 (full 12):
 def new generation   total 114560K, used 110617K [0x00000000c0000000, 0x00000000c7c40000, 0x00000000d5550000)
  eden space 101888K, 100% used [0x00000000c0000000, 0x00000000c6380000, 0x00000000c6380000)
  from space 12672K,  68% used [0x00000000c6fe0000, 0x00000000c7866670, 0x00000000c7c40000)
  to   space 12672K,   0% used [0x00000000c6380000, 0x00000000c6380000, 0x00000000c6fe0000)
 tenured generation   total 254304K, used 240003K [0x00000000d5550000, 0x00000000e4da8000, 0x0000000100000000)
   the space 254304K,  94% used [0x00000000d5550000, 0x00000000e3fb0f30, 0x00000000e3fb1000, 0x00000000e4da8000)
 Metaspace       used 88361K, capacity 89429K, committed 89560K, reserved 1126400K
  class space    used 11638K, capacity 11897K, committed 11992K, reserved 1048576K
Event: 307.886 GC heap after
Heap after GC invocations=750 (full 12):
 def new generation   total 114560K, used 8729K [0x00000000c0000000, 0x00000000c7c40000, 0x00000000d5550000)
  eden space 101888K,   0% used [0x00000000c0000000, 0x00000000c0000000, 0x00000000c6380000)
  from space 12672K,  68% used [0x00000000c6380000, 0x00000000c6c06628, 0x00000000c6fe0000)
  to   space 12672K,   0% used [0x00000000c6fe0000, 0x00000000c6fe0000, 0x00000000c7c40000)
 tenured generation   total 254304K, used 242952K [0x00000000d5550000, 0x00000000e4da8000, 0x0000000100000000)
   the space 254304K,  95% used [0x00000000d5550000, 0x00000000e4292348, 0x00000000e4292400, 0x00000000e4da8000)
 Metaspace       used 88361K, capacity 89429K, committed 89560K, reserved 1126400K
  class space    used 11638K, capacity 11897K, committed 11992K, reserved 1048576K
}
Event: 307.917 GC heap before
{Heap before GC invocations=750 (full 12):
 def new generation   total 114560K, used 110617K [0x00000000c0000000, 0x00000000c7c40000, 0x00000000d5550000)
  eden space 101888K, 100% used [0x00000000c0000000, 0x00000000c6380000, 0x00000000c6380000)
  from space 12672K,  68% used [0x00000000c6380000, 0x00000000c6c06628, 0x00000000c6fe0000)
  to   space 12672K,   0% used [0x00000000c6fe0000, 0x00000000c6fe0000, 0x00000000c7c40000)
 tenured generation   total 254304K, used 242952K [0x00000000d5550000, 0x00000000e4da8000, 0x0000000100000000)
   the space 254304K,  95% used [0x00000000d5550000, 0x00000000e4292348, 0x00000000e4292400, 0x00000000e4da8000)
 Metaspace       used 88361K, capacity 89429K, committed 89560K, reserved 1126400K
  class space    used 11638K, capacity 11897K, committed 11992K, reserved 1048576K
Event: 307.929 GC heap after
Heap after GC invocations=751 (full 12):
 def new generation   total 114560K, used 8729K [0x00000000c0000000, 0x00000000c7c40000, 0x00000000d5550000)
  eden space 101888K,   0% used [0x00000000c0000000, 0x00000000c0000000, 0x00000000c6380000)
  from space 12672K,  68% used [0x00000000c6fe0000, 0x00000000c7866688, 0x00000000c7c40000)
  to   space 12672K,   0% used [0x00000000c6380000, 0x00000000c6380000, 0x00000000c6fe0000)
 tenured generation   total 254304K, used 245901K [0x00000000d5550000, 0x00000000e4da8000, 0x0000000100000000)
   the space 254304K,  96% used [0x00000000d5550000, 0x00000000e4573760, 0x00000000e4573800, 0x00000000e4da8000)
 Metaspace       used 88361K, capacity 89429K, committed 89560K, reserved 1126400K
  class space    used 11638K, capacity 11897K, committed 11992K, reserved 1048576K
}
Event: 307.961 GC heap before
{Heap before GC invocations=751 (full 12):
 def new generation   total 114560K, used 110617K [0x00000000c0000000, 0x00000000c7c40000, 0x00000000d5550000)
  eden space 101888K, 100% used [0x00000000c0000000, 0x00000000c6380000, 0x00000000c6380000)
  from space 12672K,  68% used [0x00000000c6fe0000, 0x00000000c7866688, 0x00000000c7c40000)
  to   space 12672K,   0% used [0x00000000c6380000, 0x00000000c6380000, 0x00000000c6fe0000)
 tenured generation   total 254304K, used 245901K [0x00000000d5550000, 0x00000000e4da8000, 0x0000000100000000)
   the space 254304K,  96% used [0x00000000d5550000, 0x00000000e4573760, 0x00000000e4573800, 0x00000000e4da8000)
 Metaspace       used 88361K, capacity 89429K, committed 89560K, reserved 1126400K
  class space    used 11638K, capacity 11897K, committed 11992K, reserved 1048576K
Event: 307.970 GC heap after
Heap after GC invocations=752 (full 12):
 def new generation   total 114560K, used 8847K [0x00000000c0000000, 0x00000000c7c40000, 0x00000000d5550000)
  eden space 101888K,   0% used [0x00000000c0000000, 0x00000000c0000000, 0x00000000c6380000)
  from space 12672K,  69% used [0x00000000c6380000, 0x00000000c6c23e00, 0x00000000c6fe0000)
  to   space 12672K,   0% used [0x00000000c6fe0000, 0x00000000c6fe0000, 0x00000000c7c40000)
 tenured generation   total 254304K, used 248732K [0x00000000d5550000, 0x00000000e4da8000, 0x0000000100000000)
   the space 254304K,  97% used [0x00000000d5550000, 0x00000000e48373a0, 0x00000000e4837400, 0x00000000e4da8000)
 Metaspace       used 88361K, capacity 89429K, committed 89560K, reserved 1126400K
  class space    used 11638K, capacity 11897K, committed 11992K, reserved 1048576K
}
Event: 308.002 GC heap before
{Heap before GC invocations=752 (full 12):
 def new generation   total 114560K, used 110735K [0x00000000c0000000, 0x00000000c7c40000, 0x00000000d5550000)
  eden space 101888K, 100% used [0x00000000c0000000, 0x00000000c6380000, 0x00000000c6380000)
  from space 12672K,  69% used [0x00000000c6380000, 0x00000000c6c23e00, 0x00000000c6fe0000)
  to   space 12672K,   0% used [0x00000000c6fe0000, 0x00000000c6fe0000, 0x00000000c7c40000)
 tenured generation   total 254304K, used 248732K [0x00000000d5550000, 0x00000000e4da8000, 0x0000000100000000)
   the space 254304K,  97% used [0x00000000d5550000, 0x00000000e48373a0, 0x00000000e4837400, 0x00000000e4da8000)
 Metaspace       used 88361K, capacity 89429K, committed 89560K, reserved 1126400K
  class space    used 11638K, capacity 11897K, committed 11992K, reserved 1048576K
Event: 308.008 GC heap after
Heap after GC invocations=753 (full 12):
 def new generation   total 114560K, used 8729K [0x00000000c0000000, 0x00000000c7c40000, 0x00000000d5550000)
  eden space 101888K,   0% used [0x00000000c0000000, 0x00000000c0000000, 0x00000000c6380000)
  from space 12672K,  68% used [0x00000000c6fe0000, 0x00000000c7866648, 0x00000000c7c40000)
  to   space 12672K,   0% used [0x00000000c6380000, 0x00000000c6380000, 0x00000000c6fe0000)
 tenured generation   total 254304K, used 251681K [0x00000000d5550000, 0x00000000e4da8000, 0x0000000100000000)
   the space 254304K,  98% used [0x00000000d5550000, 0x00000000e4b187b8, 0x00000000e4b18800, 0x00000000e4da8000)
 Metaspace       used 88361K, capacity 89429K, committed 89560K, reserved 1126400K
  class space    used 11638K, capacity 11897K, committed 11992K, reserved 1048576K
}
Event: 308.039 GC heap before
{Heap before GC invocations=753 (full 12):
 def new generation   total 114560K, used 110617K [0x00000000c0000000, 0x00000000c7c40000, 0x00000000d5550000)
  eden space 101888K, 100% used [0x00000000c0000000, 0x00000000c6380000, 0x00000000c6380000)
  from space 12672K,  68% used [0x00000000c6fe0000, 0x00000000c7866648, 0x00000000c7c40000)
  to   space 12672K,   0% used [0x00000000c6380000, 0x00000000c6380000, 0x00000000c6fe0000)
 tenured generation   total 254304K, used 251681K [0x00000000d5550000, 0x00000000e4da8000, 0x0000000100000000)
   the space 254304K,  98% used [0x00000000d5550000, 0x00000000e4b187b8, 0x00000000e4b18800, 0x00000000e4da8000)
 Metaspace       used 88361K, capacity 89429K, committed 89560K, reserved 1126400K
  class space    used 11638K, capacity 11897K, committed 11992K, reserved 1048576K

