# JRE version: OpenJDK Runtime Environment (8.0_222-b10) (build 1.8.0_222-8u222-b10-1ubuntu1~16.04.1-b10)
# Java VM: OpenJDK 64-Bit Server VM (25.222-b10 mixed mode linux-amd64 compressed oops)
Heap:
 def new generation   total 142784K, used 10836K [0x00000000c0000000, 0x00000000c9ae0000, 0x00000000d5550000)
  eden space 126976K,   8% used [0x00000000c0000000, 0x00000000c0a95260, 0x00000000c7c00000)
  from space 15808K,   0% used [0x00000000c7c00000, 0x00000000c7c00000, 0x00000000c8b70000)
  to   space 15808K,   0% used [0x00000000c8b70000, 0x00000000c8b70000, 0x00000000c9ae0000)
 tenured generation   total 317864K, used 317852K [0x00000000d5550000, 0x00000000e8bba000, 0x0000000100000000)
   the space 317864K,  99% used [0x00000000d5550000, 0x00000000e8bb7160, 0x00000000e8bb7200, 0x00000000e8bba000)
 Metaspace       used 87915K, capacity 88937K, committed 89176K, reserved 1126400K
  class space    used 11583K, capacity 11827K, committed 11864K, reserved 1048576K
GC Heap History (10 events):
Event: 105.391 GC heap after
Heap after GC invocations=716 (full 12):
 def new generation   total 142784K, used 10975K [0x00000000c0000000, 0x00000000c9ae0000, 0x00000000d5550000)
  eden space 126976K,   0% used [0x00000000c0000000, 0x00000000c0000000, 0x00000000c7c00000)
  from space 15808K,  69% used [0x00000000c8b70000, 0x00000000c9627cc0, 0x00000000c9ae0000)
  to   space 15808K,   0% used [0x00000000c7c00000, 0x00000000c7c00000, 0x00000000c8b70000)
 tenured generation   total 317096K, used 299540K [0x00000000d5550000, 0x00000000e8afa000, 0x0000000100000000)
   the space 317096K,  94% used [0x00000000d5550000, 0x00000000e79d5180, 0x00000000e79d5200, 0x00000000e8afa000)
 Metaspace       used 87915K, capacity 88937K, committed 89176K, reserved 1126400K
  class space    used 11583K, capacity 11827K, committed 11864K, reserved 1048576K
}
Event: 105.429 GC heap before
{Heap before GC invocations=716 (full 12):
 def new generation   total 142784K, used 137951K [0x00000000c0000000, 0x00000000c9ae0000, 0x00000000d5550000)
  eden space 126976K, 100% used [0x00000000c0000000, 0x00000000c7c00000, 0x00000000c7c00000)
  from space 15808K,  69% used [0x00000000c8b70000, 0x00000000c9627cc0, 0x00000000c9ae0000)
  to   space 15808K,   0% used [0x00000000c7c00000, 0x00000000c7c00000, 0x00000000c8b70000)
 tenured generation   total 317096K, used 299540K [0x00000000d5550000, 0x00000000e8afa000, 0x0000000100000000)
   the space 317096K,  94% used [0x00000000d5550000, 0x00000000e79d5180, 0x00000000e79d5200, 0x00000000e8afa000)
 Metaspace       used 87915K, capacity 88937K, committed 89176K, reserved 1126400K
  class space    used 11583K, capacity 11827K, committed 11864K, reserved 1048576K
Event: 105.450 GC heap after
Heap after GC invocations=717 (full 12):
 def new generation   total 142784K, used 10975K [0x00000000c0000000, 0x00000000c9ae0000, 0x00000000d5550000)
  eden space 126976K,   0% used [0x00000000c0000000, 0x00000000c0000000, 0x00000000c7c00000)
  from space 15808K,  69% used [0x00000000c7c00000, 0x00000000c86b7c88, 0x00000000c8b70000)
  to   space 15808K,   0% used [0x00000000c8b70000, 0x00000000c8b70000, 0x00000000c9ae0000)
 tenured generation   total 317096K, used 303198K [0x00000000d5550000, 0x00000000e8afa000, 0x0000000100000000)
   the space 317096K,  95% used [0x00000000d5550000, 0x00000000e7d67ab0, 0x00000000e7d67c00, 0x00000000e8afa000)
 Metaspace       used 87915K, capacity 88937K, committed 89176K, reserved 1126400K
  class space    used 11583K, capacity 11827K, committed 11864K, reserved 1048576K
}
Event: 105.488 GC heap before
{Heap before GC invocations=717 (full 12):
 def new generation   total 142784K, used 137951K [0x00000000c0000000, 0x00000000c9ae0000, 0x00000000d5550000)
  eden space 126976K, 100% used [0x00000000c0000000, 0x00000000c7c00000, 0x00000000c7c00000)
  from space 15808K,  69% used [0x00000000c7c00000, 0x00000000c86b7c88, 0x00000000c8b70000)
  to   space 15808K,   0% used [0x00000000c8b70000, 0x00000000c8b70000, 0x00000000c9ae0000)
 tenured generation   total 317096K, used 303198K [0x00000000d5550000, 0x00000000e8afa000, 0x0000000100000000)
   the space 317096K,  95% used [0x00000000d5550000, 0x00000000e7d67ab0, 0x00000000e7d67c00, 0x00000000e8afa000)
 Metaspace       used 87915K, capacity 88937K, committed 89176K, reserved 1126400K
  class space    used 11583K, capacity 11827K, committed 11864K, reserved 1048576K
Event: 105.502 GC heap after
Heap after GC invocations=718 (full 12):
 def new generation   total 142784K, used 10857K [0x00000000c0000000, 0x00000000c9ae0000, 0x00000000d5550000)
  eden space 126976K,   0% used [0x00000000c0000000, 0x00000000c0000000, 0x00000000c7c00000)
  from space 15808K,  68% used [0x00000000c8b70000, 0x00000000c960a460, 0x00000000c9ae0000)
  to   space 15808K,   0% used [0x00000000c7c00000, 0x00000000c7c00000, 0x00000000c8b70000)
 tenured generation   total 317096K, used 306856K [0x00000000d5550000, 0x00000000e8afa000, 0x0000000100000000)
   the space 317096K,  96% used [0x00000000d5550000, 0x00000000e80fa3a8, 0x00000000e80fa400, 0x00000000e8afa000)
 Metaspace       used 87915K, capacity 88937K, committed 89176K, reserved 1126400K
  class space    used 11583K, capacity 11827K, committed 11864K, reserved 1048576K
}
Event: 105.547 GC heap before
{Heap before GC invocations=718 (full 12):
 def new generation   total 142784K, used 137833K [0x00000000c0000000, 0x00000000c9ae0000, 0x00000000d5550000)
  eden space 126976K, 100% used [0x00000000c0000000, 0x00000000c7c00000, 0x00000000c7c00000)
  from space 15808K,  68% used [0x00000000c8b70000, 0x00000000c960a460, 0x00000000c9ae0000)
  to   space 15808K,   0% used [0x00000000c7c00000, 0x00000000c7c00000, 0x00000000c8b70000)
 tenured generation   total 317096K, used 306856K [0x00000000d5550000, 0x00000000e8afa000, 0x0000000100000000)
   the space 317096K,  96% used [0x00000000d5550000, 0x00000000e80fa3a8, 0x00000000e80fa400, 0x00000000e8afa000)
 Metaspace       used 87915K, capacity 88937K, committed 89176K, reserved 1126400K
  class space    used 11583K, capacity 11827K, committed 11864K, reserved 1048576K
Event: 105.580 GC heap after
Heap after GC invocations=719 (full 12):
 def new generation   total 142784K, used 10857K [0x00000000c0000000, 0x00000000c9ae0000, 0x00000000d5550000)
  eden space 126976K,   0% used [0x00000000c0000000, 0x00000000c0000000, 0x00000000c7c00000)
  from space 15808K,  68% used [0x00000000c7c00000, 0x00000000c869a480, 0x00000000c8b70000)
  to   space 15808K,   0% used [0x00000000c8b70000, 0x00000000c8b70000, 0x00000000c9ae0000)
 tenured generation   total 317096K, used 310515K [0x00000000d5550000, 0x00000000e8afa000, 0x0000000100000000)
   the space 317096K,  97% used [0x00000000d5550000, 0x00000000e848ccd8, 0x00000000e848ce00, 0x00000000e8afa000)
 Metaspace       used 87915K, capacity 88937K, committed 89176K, reserved 1126400K
  class space    used 11583K, capacity 11827K, committed 11864K, reserved 1048576K
}
Event: 105.618 GC heap before
{Heap before GC invocations=719 (full 12):
 def new generation   total 142784K, used 137833K [0x00000000c0000000, 0x00000000c9ae0000, 0x00000000d5550000)
  eden space 126976K, 100% used [0x00000000c0000000, 0x00000000c7c00000, 0x00000000c7c00000)
  from space 15808K,  68% used [0x00000000c7c00000, 0x00000000c869a480, 0x00000000c8b70000)
  to   space 15808K,   0% used [0x00000000c8b70000, 0x00000000c8b70000, 0x00000000c9ae0000)
 tenured generation   total 317096K, used 310515K [0x00000000d5550000, 0x00000000e8afa000, 0x0000000100000000)
   the space 317096K,  97% used [0x00000000d5550000, 0x00000000e848ccd8, 0x00000000e848ce00, 0x00000000e8afa000)
 Metaspace       used 87915K, capacity 88937K, committed 89176K, reserved 1126400K
  class space    used 11583K, capacity 11827K, committed 11864K, reserved 1048576K
Event: 105.642 GC heap after
Heap after GC invocations=720 (full 12):
 def new generation   total 142784K, used 10857K [0x00000000c0000000, 0x00000000c9ae0000, 0x00000000d5550000)
  eden space 126976K,   0% used [0x00000000c0000000, 0x00000000c0000000, 0x00000000c7c00000)
  from space 15808K,  68% used [0x00000000c8b70000, 0x00000000c960a480, 0x00000000c9ae0000)
  to   space 15808K,   0% used [0x00000000c7c00000, 0x00000000c7c00000, 0x00000000c8b70000)
 tenured generation   total 317096K, used 314173K [0x00000000d5550000, 0x00000000e8afa000, 0x0000000100000000)
   the space 317096K,  99% used [0x00000000d5550000, 0x00000000e881f5d0, 0x00000000e881f600, 0x00000000e8afa000)
 Metaspace       used 87915K, capacity 88937K, committed 89176K, reserved 1126400K
  class space    used 11583K, capacity 11827K, committed 11864K, reserved 1048576K
}
Event: 105.681 GC heap before
{Heap before GC invocations=720 (full 12):
 def new generation   total 142784K, used 137833K [0x00000000c0000000, 0x00000000c9ae0000, 0x00000000d5550000)
  eden space 126976K, 100% used [0x00000000c0000000, 0x00000000c7c00000, 0x00000000c7c00000)
  from space 15808K,  68% used [0x00000000c8b70000, 0x00000000c960a480, 0x00000000c9ae0000)
  to   space 15808K,   0% used [0x00000000c7c00000, 0x00000000c7c00000, 0x00000000c8b70000)
 tenured generation   total 317096K, used 314173K [0x00000000d5550000, 0x00000000e8afa000, 0x0000000100000000)
   the space 317096K,  99% used [0x00000000d5550000, 0x00000000e881f5d0, 0x00000000e881f600, 0x00000000e8afa000)
 Metaspace       used 87915K, capacity 88937K, committed 89176K, reserved 1126400K
  class space    used 11583K, capacity 11827K, committed 11864K, reserved 1048576K

